*********************************************************
Start exportu v automatickém reimu : 20.10.2015 1:31:21
Datum od      : 20.10.2015
Datum do      : 27.10.2015
Data do       : \\ZZBLDQ01\GOOGLE\
Zaloha do     : \\ZZBLDQ01\GOOGLE_ZAL\
Odeslat mail  : False
Nezamìøená trasa závodu 50: 364/3-31/5-1-7.4.2015
Nezamìøená trasa závodu 50: 359/2-660/2-1-1.6.2014
Nezamìøená trasa závodu 50: 660/2-548/2-1-1.6.2014
Nezamìøená trasa závodu 50: 548/2-575/2-1-1.6.2014
Nezamìøená trasa závodu 50: 921/7-2954/3-1-15.9.2014
Nezamìøená trasa závodu 50: 575/1-548/1-1-1.6.2014
Nezamìøená trasa závodu 50: 660/1-660/5-1-15.9.2014
Nezamìøená trasa závodu 50: 1018/2-359/2-1-15.9.2014
Nezamìøená trasa závodu 50: 1656/1-1658/1-1-25.8.2015
Nezamìøená trasa závodu 50: 4256/2-1664/2-1-1.7.2015
Nezamìøená trasa závodu 50: 1658/2-1656/2-1-25.8.2015
Nezamìøená trasa závodu 50: 1661/2-1662/1-81-1.1.1900
Nezamìøená trasa závodu 50: 4256/1-1665/1-1-1.7.2015
Nezamìøená trasa závodu 50: 1353/1-1638/1-1-12.8.2014
Nezamìøená trasa závodu 50: 1374/2-919/1-51-1.10.2015
Nezamìøená trasa závodu 50: 982/2-972/2-1-6.4.2015
Nezamìøená trasa závodu 50: 271/2-982/2-1-6.4.2015
Nezamìøená trasa závodu 50: 1327/2-1335/2-2-2.11.2014
Nezamìøená trasa závodu 50: 1335/1-1327/1-2-2.11.2014
Nezamìøená trasa závodu 50: 1141/3-1065/1-2-10.9.2015
Nezamìøená trasa závodu 50: 2265/3-2266/1-11-3.9.2015
Nezamìøená trasa závodu 50: 33/3-466/1-1-16.6.2002
Nezamìøená trasa závodu 50: 466/1-1141/2-1-16.6.2002
Nezamìøená trasa závodu 50: 466/1-1141/82-1-16.6.2002
Nezamìøená trasa závodu 50: 1983/2-1980/2-81-31.5.2015
Nezamìøená trasa závodu 50: 1980/1-1983/1-81-31.5.2015
Nezamìøená trasa závodu 50: 457/1-762/1-1-8.4.2006
Nezamìøená trasa závodu 50: 155/1-2451/1-81-26.10.2015
Nezamìøená trasa závodu 50: 1980/3-1981/1-1-17.10.2015
Nezamìøená trasa závodu 50: 1981/2-1984/4-82-31.5.2015
Nezamìøená trasa závodu 50: 1978/1-1979/1-1-14.12.2003
Nezamìøená trasa závodu 50: 1980/1-1981/1-2-17.10.2015
Nezamìøená trasa závodu 50: 2268/2-2262/1-81-1.1.1900
Nezamìøená trasa závodu 50: 1661/1-2370/1-1-18.11.2010
Nezamìøená trasa závodu 50: 2370/2-1661/2-1-18.11.2010
Nezamìøená trasa závodu 50: 1448/2-1454/1-81-15.9.2015
Nezamìøená trasa závodu 50: 1892/1-3293/1-51-8.10.2015
Nezamìøená trasa závodu 50: 3293/1-1925/1-51-8.10.2015
Nezamìøená trasa závodu 50: 1454/1-1455/2-81-15.9.2015
Nezamìøená trasa závodu 50: 1454/3-1431/3-81-15.9.2015
Nezamìøená trasa závodu 50: 1454/1-1456/1-1-14.12.2003
Nezamìøená trasa závodu 50: 2408/3-2409/2-1-3.1.2013
Nezamìøená trasa závodu 50: 1764/2-1762/2-3-1.11.2004
Nezamìøená trasa závodu 50: 2106/2-1570/3-51-23.9.2015
Nezamìøená trasa závodu 50: 607/11-1381/11-1-9.12.2012
Nezamìøená trasa závodu 50: 1381/11-607/11-1-9.12.2012
Nezamìøená trasa závodu 50: 506/11-582/11-1-1.7.2006
Nezamìøená trasa závodu 50: 582/11-506/11-1-1.7.2006
Nezamìøená trasa závodu 50: 337/11-2999/11-1-20.7.2012
Nezamìøená trasa závodu 50: 2999/11-337/11-1-20.7.2012
Nezamìøená trasa závodu 50: 2993/11-878/11-1-28.3.2015
Nezamìøená trasa závodu 50: 878/11-2992/11-2-20.4.2015
Nezamìøená trasa závodu 50: 2992/11-878/11-2-20.4.2015
Nezamìøená trasa závodu 50: 878/11-2993/11-2-20.4.2015
Nezamìøená trasa závodu 50: 317/11-388/11-1-19.9.2009
Nezamìøená trasa závodu 50: 388/11-317/11-1-19.9.2009
Nezamìøená trasa závodu 50: 4277/11-4278/11-1-7.8.2015
Nezamìøená trasa závodu 50: 4278/11-4277/11-1-7.8.2015
Nezamìøená trasa závodu 50: 4277/11-595/11-1-7.8.2015
Konec         : 20.10.2015 1:43:57
